2025-04-22 09:44:31,504 - INFO - Starting FastAPI server on port 8080
2025-04-22 09:45:06,160 - INFO - Processing input: za_a_a_a_a_a_a_a_a_a_a_a_a_azaaa
2025-04-22 09:45:06,161 - INFO - Sequence saved to history.
2025-04-22 09:58:32,527 - INFO - Logger initialized: Logging to console and app.log
2025-04-22 09:58:32,541 - INFO - SQLite history table ensured in history.db
2025-04-22 09:58:32,541 - INFO - SequenceService initialized.
2025-04-22 09:58:32,542 - INFO - SequenceController initialized.
2025-04-22 09:58:32,543 - INFO - Starting FastAPI server on port 8080
2025-04-22 10:00:04,694 - INFO - Processing input: za_a_a_a_a_a_a_a_a_a_a_a_a_azaaa
2025-04-22 10:00:04,694 - INFO - Creating sequence from input: za_a_a_a_a_a_a_a_a_a_a_a_a_azaaa
2025-04-22 10:00:04,698 - INFO - Processing sequence: za_a_a_a_a_a_a_a_a_a_a_a_a_azaaa
2025-04-22 10:00:04,698 - INFO - Starting conversion for input string: za_a_a_a_a_a_a_a_a_a_a_a_a_azaaa
2025-04-22 10:00:04,698 - INFO - Chain segment processed. Derived count: 27
2025-04-22 10:00:04,698 - INFO - Count-based segment processed with sum: 40
2025-04-22 10:00:04,698 - INFO - Processing direct count segment. Count: 1
2025-04-22 10:00:04,698 - INFO - Direct count segment processed with sum: 1
2025-04-22 10:00:04,698 - INFO - Conversion result: [40, 1]
2025-04-22 10:00:04,705 - INFO - Sequence and processed result saved to SQLite history.
2025-04-22 10:16:27,694 - INFO - Logger initialized: Logging to console and app.log
2025-04-22 10:16:27,695 - INFO - SQLite history table ensured in history.db
2025-04-22 10:16:27,695 - INFO - SequenceService initialized.
2025-04-22 10:16:27,696 - INFO - SequenceController initialized.
2025-04-22 10:16:27,697 - INFO - Starting FastAPI server on port 8080
2025-04-22 10:16:41,364 - INFO - Processing input: za_a_a_a_a_a_a_a_a_a_a_a_a_azaaa
2025-04-22 10:16:41,364 - INFO - Creating sequence from input: za_a_a_a_a_a_a_a_a_a_a_a_a_azaaa
2025-04-22 10:16:41,364 - INFO - Processing sequence: za_a_a_a_a_a_a_a_a_a_a_a_a_azaaa
2025-04-22 10:16:41,365 - INFO - Starting conversion for input string: za_a_a_a_a_a_a_a_a_a_a_a_a_azaaa
2025-04-22 10:16:41,365 - INFO - Chain segment processed. Derived count: 27
2025-04-22 10:16:41,365 - INFO - Count-based segment processed with sum: 40
2025-04-22 10:16:41,365 - INFO - Processing direct count segment. Count: 1
2025-04-22 10:16:41,365 - INFO - Direct count segment processed with sum: 1
2025-04-22 10:16:41,365 - INFO - Conversion result: [40, 1]
2025-04-22 10:16:41,376 - INFO - Sequence and processed result saved to SQLite history.
2025-04-22 10:23:30,154 - INFO - Processing input: za_a_a_a_a_a_a_a_a_a_a_a_a_azaaa
2025-04-22 10:23:30,154 - INFO - Creating sequence from input: za_a_a_a_a_a_a_a_a_a_a_a_a_azaaa
2025-04-22 10:23:30,154 - INFO - Processing sequence: za_a_a_a_a_a_a_a_a_a_a_a_a_azaaa
2025-04-22 10:23:30,154 - INFO - Starting conversion for input string: za_a_a_a_a_a_a_a_a_a_a_a_a_azaaa
2025-04-22 10:23:30,154 - INFO - Chain segment processed. Derived count: 27
2025-04-22 10:23:30,154 - INFO - Count-based segment processed with sum: 40
2025-04-22 10:23:30,154 - INFO - Processing direct count segment. Count: 1
2025-04-22 10:23:30,154 - INFO - Direct count segment processed with sum: 1
2025-04-22 10:23:30,154 - INFO - Conversion result: [40, 1]
2025-04-22 10:23:30,162 - INFO - Sequence and processed result saved to SQLite history.
2025-04-22 10:37:29,582 - INFO - Logger initialized: Logging to console and app.log
2025-04-22 10:37:29,583 - INFO - SQLite history table ensured in history.db
2025-04-22 10:37:29,583 - INFO - SequenceService initialized.
2025-04-22 10:37:29,583 - INFO - SequenceController initialized.
2025-04-22 10:37:29,721 - INFO - RSA key pair generated for secure history.
2025-04-22 10:37:29,723 - INFO - No secure history file found; starting with empty history.
2025-04-22 10:37:29,723 - INFO - Starting FastAPI server on port 8080
2025-04-22 10:37:45,701 - INFO - Processing input: za_a_a_a_a_a_a_a_a_a_a_a_a_azaaa
2025-04-22 10:37:45,701 - INFO - Creating sequence from input: za_a_a_a_a_a_a_a_a_a_a_a_a_azaaa
2025-04-22 10:37:45,702 - INFO - Processing sequence: za_a_a_a_a_a_a_a_a_a_a_a_a_azaaa
2025-04-22 10:37:45,702 - INFO - Starting conversion for input string: za_a_a_a_a_a_a_a_a_a_a_a_a_azaaa
2025-04-22 10:37:45,702 - INFO - Chain segment processed. Derived count: 27
2025-04-22 10:37:45,702 - INFO - Count-based segment processed with sum: 40
2025-04-22 10:37:45,702 - INFO - Processing direct count segment. Count: 1
2025-04-22 10:37:45,702 - INFO - Direct count segment processed with sum: 1
2025-04-22 10:37:45,702 - INFO - Conversion result: [40, 1]
2025-04-22 10:37:45,713 - INFO - Sequence and processed result saved to SQLite history.
2025-04-22 10:37:45,714 - INFO - Sequence processed and secure history updated.
2025-04-22 11:29:33,800 - INFO - Secure history saved to file.
2025-04-22 15:02:33,734 - INFO - Logger initialized: Logging to console and app.log
2025-04-22 15:02:33,736 - INFO - SQLite history table ensured in history.db
2025-04-22 15:02:33,736 - INFO - SequenceService initialized.
2025-04-22 15:02:33,736 - INFO - SequenceController initialized.
2025-04-22 15:02:33,737 - INFO - RSA key pair for secure history already exists.
2025-04-22 15:02:33,785 - INFO - Secure history loaded from file.
2025-04-22 15:02:33,785 - INFO - Starting FastAPI server on port 8080
2025-04-22 15:03:17,955 - INFO - Processing input: zza_a_a_a_a_a_a_a_a_a_a_a_a_a_a_a_a_a_a_a_a_a_a_a_a_a_a_a_
2025-04-22 15:03:17,956 - INFO - Creating sequence from input: zza_a_a_a_a_a_a_a_a_a_a_a_a_a_a_a_a_a_a_a_a_a_a_a_a_a_a_a_
2025-04-22 15:03:17,956 - INFO - Processing sequence: zza_a_a_a_a_a_a_a_a_a_a_a_a_a_a_a_a_a_a_a_a_a_a_a_a_a_a_a_
2025-04-22 15:03:17,956 - INFO - Starting conversion for input string: zza_a_a_a_a_a_a_a_a_a_a_a_a_a_a_a_a_a_a_a_a_a_a_a_a_a_a_a_
2025-04-22 15:03:17,956 - INFO - Chain segment processed. Derived count: 53
2025-04-22 15:03:17,956 - INFO - Count-based segment processed with sum: 26
2025-04-22 15:03:17,956 - INFO - Processing direct count segment. Count: 1
2025-04-22 15:03:17,956 - INFO - Direct count segment processed with sum: 0
2025-04-22 15:03:17,956 - INFO - Conversion result: [26, 0]
2025-04-22 15:03:17,965 - INFO - Sequence and processed result saved to SQLite history.
2025-04-22 15:03:17,966 - INFO - Sequence processed and secure history updated.
2025-04-22 15:08:04,515 - INFO - Secure history saved to file.
2025-04-22 15:19:55,820 - INFO - Logger initialized: Logging to console and app.log
2025-04-22 15:19:55,821 - INFO - SQLite history table ensured in history.db
2025-04-22 15:19:55,821 - INFO - SequenceService initialized.
2025-04-22 15:19:55,821 - INFO - SequenceController initialized.
2025-04-22 15:19:55,823 - INFO - RSA key pair for secure history already exists.
2025-04-22 15:19:55,865 - INFO - Secure history loaded from file.
2025-04-22 15:19:55,865 - INFO - Starting FastAPI server on port 8080
2025-04-22 15:21:12,087 - INFO - Processing input: zza_a_a_a_a_a_a_a_a_a_a_a_a_a_a_a_a_a_a_a_a_a_a_a_a_a_a_
2025-04-22 15:21:12,088 - INFO - Creating sequence from input: zza_a_a_a_a_a_a_a_a_a_a_a_a_a_a_a_a_a_a_a_a_a_a_a_a_a_a_
2025-04-22 15:21:12,088 - INFO - Processing sequence: zza_a_a_a_a_a_a_a_a_a_a_a_a_a_a_a_a_a_a_a_a_a_a_a_a_a_a_
2025-04-22 15:21:12,088 - INFO - Starting conversion for input string: zza_a_a_a_a_a_a_a_a_a_a_a_a_a_a_a_a_a_a_a_a_a_a_a_a_a_a_
2025-04-22 15:21:12,088 - INFO - Chain segment processed. Derived count: 53
2025-04-22 15:21:12,089 - INFO - Count-based segment processed with sum: 26
2025-04-22 15:21:12,089 - INFO - Conversion result: [26]
2025-04-22 15:21:12,101 - INFO - Sequence and processed result saved to SQLite history.
2025-04-22 15:21:12,101 - INFO - Sequence processed and secure history updated.
2025-04-22 15:22:50,125 - INFO - Secure history saved to file.
2025-04-22 15:24:43,634 - INFO - Logger initialized: Logging to console and app.log
2025-04-22 15:24:43,636 - INFO - SQLite history table ensured in history.db
2025-04-22 15:24:43,636 - INFO - SequenceService initialized.
2025-04-22 15:24:43,636 - INFO - SequenceController initialized.
2025-04-22 15:24:43,638 - INFO - RSA key pair for secure history already exists.
2025-04-22 15:24:43,682 - INFO - Secure history loaded from file.
2025-04-22 15:24:43,682 - INFO - Starting FastAPI server on port 8080
2025-04-22 15:24:47,592 - INFO - Processing input: zza_a_a_a_a_a_a_a_a_a_a_a_a_a_a_a_a_a_a_a_a_a_a_a_a_a_a_
2025-04-22 15:24:47,592 - INFO - Creating sequence from input: zza_a_a_a_a_a_a_a_a_a_a_a_a_a_a_a_a_a_a_a_a_a_a_a_a_a_a_
2025-04-22 15:24:47,592 - INFO - Processing sequence: zza_a_a_a_a_a_a_a_a_a_a_a_a_a_a_a_a_a_a_a_a_a_a_a_a_a_a_
2025-04-22 15:24:47,592 - INFO - Starting conversion for input string: zza_a_a_a_a_a_a_a_a_a_a_a_a_a_a_a_a_a_a_a_a_a_a_a_a_a_a_
2025-04-22 15:24:47,593 - INFO - Chain segment processed. Derived count: 53
2025-04-22 15:24:47,593 - INFO - Count-based segment processed with sum: 26
2025-04-22 15:24:47,593 - INFO - Conversion result: [26]
2025-04-22 15:24:47,605 - INFO - Encrypted sequence and processed result saved to SQLite history.
2025-04-22 15:24:47,605 - INFO - Sequence processed and secure history updated.
2025-04-22 15:27:14,346 - INFO - Secure history saved to file.
2025-04-22 15:34:25,907 - INFO - Logger initialized: Logging to console and app.log
2025-04-22 15:34:25,908 - INFO - SQLite history table ensured in history.db
2025-04-22 15:34:25,908 - INFO - SequenceService initialized.
2025-04-22 15:34:25,908 - INFO - SequenceController initialized.
2025-04-22 15:34:25,909 - INFO - RSA key pair for secure history already exists.
2025-04-22 15:34:25,954 - INFO - Secure history loaded from file.
2025-04-22 15:34:25,954 - INFO - Starting FastAPI server on port 8080
2025-04-22 15:34:47,115 - INFO - Processing input: za_a_a_a_a_a_a_a_a_a_a_a_a_azaaa
2025-04-22 15:34:47,116 - INFO - Creating sequence from input: za_a_a_a_a_a_a_a_a_a_a_a_a_azaaa
2025-04-22 15:34:47,116 - INFO - Processing sequence: za_a_a_a_a_a_a_a_a_a_a_a_a_azaaa
2025-04-22 15:34:47,128 - INFO - Encrypted sequence and processed result saved to SQLite history.
2025-04-22 15:34:47,128 - INFO - Sequence processed and secure history updated.
2025-04-22 15:34:53,435 - INFO - Processing input: za_a_a_a_a_a_a_a_a_a_a_a_a_azaaa
2025-04-22 15:34:53,435 - INFO - Creating sequence from input: za_a_a_a_a_a_a_a_a_a_a_a_a_azaaa
2025-04-22 15:34:53,435 - INFO - Processing sequence: za_a_a_a_a_a_a_a_a_a_a_a_a_azaaa
2025-04-22 15:34:53,445 - INFO - Encrypted sequence and processed result saved to SQLite history.
2025-04-22 15:34:53,445 - INFO - Sequence processed and secure history updated.
2025-04-22 15:45:20,625 - INFO - Secure history saved to file.
2025-04-22 15:46:34,528 - INFO - Logger initialized: Logging to console and app.log
2025-04-22 15:46:34,529 - INFO - SQLite history table ensured in history.db
2025-04-22 15:46:34,529 - INFO - SequenceService initialized.
2025-04-22 15:46:34,529 - INFO - SequenceController initialized.
2025-04-22 15:46:34,531 - INFO - RSA key pair for secure history already exists.
2025-04-22 15:46:34,575 - INFO - Secure history loaded from file.
2025-04-22 15:46:34,575 - INFO - Starting FastAPI server on port 8080
2025-04-22 15:46:42,970 - INFO - Processing input: za_a_a_a_a_a_a_a_a_a_a_a_a_azaaa
2025-04-22 15:46:42,971 - INFO - Creating sequence from input: za_a_a_a_a_a_a_a_a_a_a_a_a_azaaa
2025-04-22 15:46:42,971 - INFO - Processing sequence: za_a_a_a_a_a_a_a_a_a_a_a_a_azaaa
2025-04-22 15:46:42,971 - INFO - Starting conversion for input string: za_a_a_a_a_a_a_a_a_a_a_a_a_azaaa
2025-04-22 15:46:42,971 - INFO - Chain segment processed. Derived count: 27
2025-04-22 15:46:42,971 - INFO - Count-based segment processed with sum: 40
2025-04-22 15:46:42,971 - INFO - Processing direct count segment. Count: 1
2025-04-22 15:46:42,971 - INFO - Direct count segment processed with sum: 1
2025-04-22 15:46:42,971 - INFO - Conversion result: [40, 1]
2025-04-22 15:46:42,997 - INFO - Sequence and processed result saved to SQLite history.
2025-04-22 15:46:42,997 - INFO - Sequence processed and secure history updated.
2025-04-22 15:46:44,500 - INFO - Processing input: za_a_a_a_a_a_a_a_a_a_a_a_a_azaaa
2025-04-22 15:46:44,500 - INFO - Creating sequence from input: za_a_a_a_a_a_a_a_a_a_a_a_a_azaaa
2025-04-22 15:46:44,500 - INFO - Processing sequence: za_a_a_a_a_a_a_a_a_a_a_a_a_azaaa
2025-04-22 15:46:44,500 - INFO - Starting conversion for input string: za_a_a_a_a_a_a_a_a_a_a_a_a_azaaa
2025-04-22 15:46:44,500 - INFO - Chain segment processed. Derived count: 27
2025-04-22 15:46:44,500 - INFO - Count-based segment processed with sum: 40
2025-04-22 15:46:44,500 - INFO - Processing direct count segment. Count: 1
2025-04-22 15:46:44,500 - INFO - Direct count segment processed with sum: 1
2025-04-22 15:46:44,500 - INFO - Conversion result: [40, 1]
2025-04-22 15:46:44,527 - INFO - Sequence and processed result saved to SQLite history.
2025-04-22 15:46:44,527 - INFO - Sequence processed and secure history updated.
2025-04-22 15:47:22,088 - INFO - Processing input: za_a_a_a_a_a_a_a_a_a_a_a_a_azaaa
2025-04-22 15:47:22,089 - INFO - Creating sequence from input: za_a_a_a_a_a_a_a_a_a_a_a_a_azaaa
2025-04-22 15:47:22,089 - INFO - Processing sequence: za_a_a_a_a_a_a_a_a_a_a_a_a_azaaa
2025-04-22 15:47:22,089 - INFO - Starting conversion for input string: za_a_a_a_a_a_a_a_a_a_a_a_a_azaaa
2025-04-22 15:47:22,089 - INFO - Chain segment processed. Derived count: 27
2025-04-22 15:47:22,089 - INFO - Count-based segment processed with sum: 40
2025-04-22 15:47:22,089 - INFO - Processing direct count segment. Count: 1
2025-04-22 15:47:22,089 - INFO - Direct count segment processed with sum: 1
2025-04-22 15:47:22,089 - INFO - Conversion result: [40, 1]
2025-04-22 15:47:22,095 - INFO - Sequence and processed result saved to SQLite history.
2025-04-22 15:47:22,096 - INFO - Sequence processed and secure history updated.
2025-04-22 15:48:47,431 - INFO - Secure history saved to file.
2025-04-23 08:27:31,955 - INFO - Logger initialized: Logging to console and app.log
2025-04-23 08:27:31,957 - INFO - SQLite history table ensured in history.db
2025-04-23 08:27:31,957 - INFO - SequenceService initialized.
2025-04-23 08:27:31,957 - INFO - SequenceController initialized.
2025-04-23 08:27:31,979 - INFO - RSA key pair generated for secure history.
2025-04-23 08:27:32,018 - ERROR - Error loading secure history: Decryption failed
2025-04-23 08:27:32,018 - INFO - Starting FastAPI server on port 8080
2025-04-23 08:32:19,269 - ERROR - Error saving secure history: [Errno 2] No such file or directory: 'private_key.pem'
2025-04-23 08:32:21,776 - INFO - Logger initialized: Logging to console and app.log
2025-04-23 08:32:21,777 - INFO - SQLite history table ensured in history.db
2025-04-23 08:32:21,777 - INFO - SequenceService initialized.
2025-04-23 08:32:21,777 - INFO - SequenceController initialized.
2025-04-23 08:32:21,829 - INFO - RSA key pair generated for secure history.
2025-04-23 08:32:21,829 - INFO - No secure history file found; starting with empty history.
2025-04-23 08:32:21,829 - INFO - Starting FastAPI server on port 8080
2025-04-23 08:32:48,526 - INFO - Processing input: za_a_a_a_a_a_a_a_a_a_a_a_a_azaaa
2025-04-23 08:32:48,527 - INFO - Creating sequence from input: za_a_a_a_a_a_a_a_a_a_a_a_a_azaaa
2025-04-23 08:32:48,527 - INFO - Processing sequence: za_a_a_a_a_a_a_a_a_a_a_a_a_azaaa
2025-04-23 08:32:48,527 - INFO - Starting conversion for input string: za_a_a_a_a_a_a_a_a_a_a_a_a_azaaa
2025-04-23 08:32:48,527 - INFO - Chain segment processed. Derived count: 27
2025-04-23 08:32:48,527 - INFO - Count-based segment processed with sum: 40
2025-04-23 08:32:48,527 - INFO - Processing direct count segment. Count: 1
2025-04-23 08:32:48,527 - INFO - Direct count segment processed with sum: 1
2025-04-23 08:32:48,527 - INFO - Conversion result: [40, 1]
2025-04-23 08:32:48,536 - INFO - Sequence and processed result saved to SQLite history.
2025-04-23 08:32:48,536 - INFO - Sequence processed and secure history updated.
2025-04-23 08:36:49,033 - INFO - Processing input: za_a_a_a_a_a_a_a_a_a_a_a_a_azaaa
2025-04-23 08:36:49,034 - INFO - Creating sequence from input: za_a_a_a_a_a_a_a_a_a_a_a_a_azaaa
2025-04-23 08:36:49,034 - INFO - Processing sequence: za_a_a_a_a_a_a_a_a_a_a_a_a_azaaa
2025-04-23 08:36:49,034 - INFO - Starting conversion for input string: za_a_a_a_a_a_a_a_a_a_a_a_a_azaaa
2025-04-23 08:36:49,034 - INFO - Chain segment processed. Derived count: 27
2025-04-23 08:36:49,034 - INFO - Count-based segment processed with sum: 40
2025-04-23 08:36:49,034 - INFO - Processing direct count segment. Count: 1
2025-04-23 08:36:49,034 - INFO - Direct count segment processed with sum: 1
2025-04-23 08:36:49,034 - INFO - Conversion result: [40, 1]
2025-04-23 08:36:49,045 - INFO - Sequence and processed result saved to SQLite history.
2025-04-23 08:36:49,045 - INFO - Sequence processed and secure history updated.
2025-04-23 08:41:09,661 - INFO - Secure history saved to file.
2025-04-23 08:41:17,205 - INFO - Logger initialized: Logging to console and app.log
2025-04-23 08:41:17,207 - INFO - SQLite history table ensured in history.db
2025-04-23 08:41:17,207 - INFO - SequenceService initialized.
2025-04-23 08:41:17,207 - INFO - SequenceController initialized.
2025-04-23 08:41:17,209 - INFO - RSA key pair for secure history already exists.
2025-04-23 08:41:17,256 - INFO - Secure history loaded from file.
2025-04-23 08:41:17,257 - INFO - Starting FastAPI server on port 8080
2025-04-23 08:41:29,742 - INFO - Processing input: za_a_a_a_a_a_a_a_a_a_a_a_a_azaaa
2025-04-23 08:41:29,742 - INFO - Creating sequence from input: za_a_a_a_a_a_a_a_a_a_a_a_a_azaaa
2025-04-23 08:41:29,742 - INFO - Processing sequence: za_a_a_a_a_a_a_a_a_a_a_a_a_azaaa
2025-04-23 08:41:29,743 - INFO - Starting conversion for input string: za_a_a_a_a_a_a_a_a_a_a_a_a_azaaa
2025-04-23 08:41:29,743 - INFO - Chain segment processed. Derived count: 27
2025-04-23 08:41:29,743 - INFO - Count-based segment processed with sum: 40
2025-04-23 08:41:29,743 - INFO - Processing direct count segment. Count: 1
2025-04-23 08:41:29,743 - INFO - Direct count segment processed with sum: 1
2025-04-23 08:41:29,743 - INFO - Conversion result: [40, 1]
2025-04-23 08:41:29,755 - INFO - Sequence and processed result saved to SQLite history.
2025-04-23 08:41:29,755 - INFO - Sequence processed and secure history updated.
2025-04-23 08:42:36,867 - INFO - Processing input: zza_a_a_a_a_a_a_a_a_a_a_a_a_a_a_a_a_a_a_a_a_a_a_a_a_a_a_
2025-04-23 08:42:36,868 - INFO - Creating sequence from input: zza_a_a_a_a_a_a_a_a_a_a_a_a_a_a_a_a_a_a_a_a_a_a_a_a_a_a_
2025-04-23 08:42:36,868 - INFO - Processing sequence: zza_a_a_a_a_a_a_a_a_a_a_a_a_a_a_a_a_a_a_a_a_a_a_a_a_a_a_
2025-04-23 08:42:36,868 - INFO - Starting conversion for input string: zza_a_a_a_a_a_a_a_a_a_a_a_a_a_a_a_a_a_a_a_a_a_a_a_a_a_a_
2025-04-23 08:42:36,869 - INFO - Chain segment processed. Derived count: 53
2025-04-23 08:42:36,869 - INFO - Count-based segment processed with sum: 26
2025-04-23 08:42:36,869 - INFO - Conversion result: [26]
2025-04-23 08:42:36,900 - INFO - Sequence and processed result saved to SQLite history.
2025-04-23 08:42:36,900 - INFO - Sequence processed and secure history updated.
2025-04-23 08:42:48,372 - INFO - Processing input: zdaaaaaaaabaaaaaaaabaaaaaaaabbaa
2025-04-23 08:42:48,373 - INFO - Creating sequence from input: zdaaaaaaaabaaaaaaaabaaaaaaaabbaa
2025-04-23 08:42:48,373 - INFO - Processing sequence: zdaaaaaaaabaaaaaaaabaaaaaaaabbaa
2025-04-23 08:42:48,373 - INFO - Starting conversion for input string: zdaaaaaaaabaaaaaaaabaaaaaaaabbaa
2025-04-23 08:42:48,373 - INFO - Chain segment processed. Derived count: 30
2025-04-23 08:42:48,373 - INFO - Count-based segment processed with sum: 34
2025-04-23 08:42:48,373 - INFO - Conversion result: [34]
2025-04-23 08:42:48,380 - INFO - Sequence and processed result saved to SQLite history.
2025-04-23 08:42:48,381 - INFO - Sequence processed and secure history updated.
2025-04-23 08:42:59,284 - INFO - Processing input: abcdabcdab_
2025-04-23 08:42:59,284 - INFO - Creating sequence from input: abcdabcdab_
2025-04-23 08:42:59,284 - INFO - Processing sequence: abcdabcdab_
2025-04-23 08:42:59,284 - INFO - Starting conversion for input string: abcdabcdab_
2025-04-23 08:42:59,284 - INFO - Processing direct count segment. Count: 1
2025-04-23 08:42:59,284 - INFO - Direct count segment processed with sum: 2
2025-04-23 08:42:59,284 - INFO - Processing direct count segment. Count: 3
2025-04-23 08:42:59,284 - INFO - Direct count segment processed with sum: 7
2025-04-23 08:42:59,285 - INFO - Processing direct count segment. Count: 3
2025-04-23 08:42:59,285 - INFO - Direct count segment processed with sum: 7
2025-04-23 08:42:59,285 - INFO - Processing direct count segment. Count: 0
2025-04-23 08:42:59,285 - INFO - Direct count segment processed with sum: 0
2025-04-23 08:42:59,285 - INFO - Conversion result: [2, 7, 7, 0]
2025-04-23 08:42:59,294 - INFO - Sequence and processed result saved to SQLite history.
2025-04-23 08:42:59,294 - INFO - Sequence processed and secure history updated.
2025-04-23 08:43:08,495 - INFO - Processing input: abcdabcdab
2025-04-23 08:43:08,495 - INFO - Creating sequence from input: abcdabcdab
2025-04-23 08:43:08,495 - INFO - Processing sequence: abcdabcdab
2025-04-23 08:43:08,495 - INFO - Starting conversion for input string: abcdabcdab
2025-04-23 08:43:08,495 - INFO - Processing direct count segment. Count: 1
2025-04-23 08:43:08,495 - INFO - Direct count segment processed with sum: 2
2025-04-23 08:43:08,495 - INFO - Processing direct count segment. Count: 3
2025-04-23 08:43:08,495 - INFO - Direct count segment processed with sum: 7
2025-04-23 08:43:08,495 - INFO - Processing direct count segment. Count: 3
2025-04-23 08:43:08,495 - INFO - Direct count segment processed with sum: 7
2025-04-23 08:43:08,495 - INFO - Conversion result: [2, 7, 7]
2025-04-23 08:43:08,514 - INFO - Sequence and processed result saved to SQLite history.
2025-04-23 08:43:08,514 - INFO - Sequence processed and secure history updated.
2025-04-23 08:43:17,762 - INFO - Processing input: a
2025-04-23 08:43:17,763 - INFO - Creating sequence from input: a
2025-04-23 08:43:17,763 - INFO - Processing sequence: a
2025-04-23 08:43:17,763 - INFO - Starting conversion for input string: a
2025-04-23 08:43:17,763 - INFO - Processing direct count segment. Count: 1
2025-04-23 08:43:17,763 - INFO - Direct count segment processed with sum: 0
2025-04-23 08:43:17,763 - INFO - Conversion result: [0]
2025-04-23 08:43:17,771 - INFO - Sequence and processed result saved to SQLite history.
2025-04-23 08:43:17,771 - INFO - Sequence processed and secure history updated.
2025-04-23 08:43:34,565 - INFO - Processing input: dz_a_aazzaaa
2025-04-23 08:43:34,565 - INFO - Creating sequence from input: dz_a_aazzaaa
2025-04-23 08:43:34,565 - INFO - Processing sequence: dz_a_aazzaaa
2025-04-23 08:43:34,565 - INFO - Starting conversion for input string: dz_a_aazzaaa
2025-04-23 08:43:34,565 - INFO - Processing direct count segment. Count: 4
2025-04-23 08:43:34,565 - INFO - Direct count segment processed with sum: 28
2025-04-23 08:43:34,565 - INFO - Processing direct count segment. Count: 1
2025-04-23 08:43:34,565 - INFO - Direct count segment processed with sum: 53
2025-04-23 08:43:34,566 - INFO - Processing direct count segment. Count: 1
2025-04-23 08:43:34,566 - INFO - Direct count segment processed with sum: 1
2025-04-23 08:43:34,566 - INFO - Conversion result: [28, 53, 1]
2025-04-23 08:43:34,613 - INFO - Sequence and processed result saved to SQLite history.
2025-04-23 08:43:34,613 - INFO - Sequence processed and secure history updated.
2025-04-23 08:43:46,628 - INFO - Processing input: abbcc
2025-04-23 08:43:46,628 - INFO - Creating sequence from input: abbcc
2025-04-23 08:43:46,629 - INFO - Processing sequence: abbcc
2025-04-23 08:43:46,629 - INFO - Starting conversion for input string: abbcc
2025-04-23 08:43:46,629 - INFO - Processing direct count segment. Count: 1
2025-04-23 08:43:46,629 - INFO - Direct count segment processed with sum: 2
2025-04-23 08:43:46,629 - INFO - Processing direct count segment. Count: 2
2025-04-23 08:43:46,629 - INFO - Direct count segment processed with sum: 6
2025-04-23 08:43:46,629 - INFO - Conversion result: [2, 6]
2025-04-23 08:43:46,636 - INFO - Sequence and processed result saved to SQLite history.
2025-04-23 08:43:46,636 - INFO - Sequence processed and secure history updated.
2025-04-23 08:43:56,878 - INFO - Processing input: aa
2025-04-23 08:43:56,878 - INFO - Creating sequence from input: aa
2025-04-23 08:43:56,878 - INFO - Processing sequence: aa
2025-04-23 08:43:56,878 - INFO - Starting conversion for input string: aa
2025-04-23 08:43:56,878 - INFO - Processing direct count segment. Count: 1
2025-04-23 08:43:56,878 - INFO - Direct count segment processed with sum: 1
2025-04-23 08:43:56,878 - INFO - Conversion result: [1]
2025-04-23 08:43:56,886 - INFO - Sequence and processed result saved to SQLite history.
2025-04-23 08:43:56,886 - INFO - Sequence processed and secure history updated.
2025-04-23 08:44:23,526 - INFO - Processing input: http://localhost:8080/history
2025-04-23 08:44:23,526 - INFO - Creating sequence from input: http://localhost:8080/history
2025-04-23 08:44:23,527 - WARNING - Sequence validation failed for: http://localhost:8080/history
2025-04-23 08:44:23,527 - ERROR - Invalid sequence received.
2025-04-23 08:52:44,173 - INFO - Secure history saved to file.
2025-04-23 14:51:46,584 - INFO - Logger initialized: Logging to console and app.log
2025-04-23 14:51:46,586 - INFO - SQLite history table ensured in history.db
2025-04-23 14:51:46,586 - INFO - SequenceService initialized.
2025-04-23 14:51:46,586 - INFO - SequenceController initialized.
2025-04-23 14:51:46,587 - INFO - RSA key pair for secure history already exists.
2025-04-23 14:51:46,632 - INFO - Secure history loaded from file.
2025-04-23 14:51:46,632 - INFO - Starting FastAPI server on port 8080
2025-04-23 14:52:54,152 - INFO - Processing input: dz_a_aazzaaa
2025-04-23 14:52:54,152 - INFO - Creating sequence from input: dz_a_aazzaaa
2025-04-23 14:52:54,153 - INFO - Processing sequence: dz_a_aazzaaa
2025-04-23 14:52:54,153 - INFO - Starting conversion for input string: dz_a_aazzaaa
2025-04-23 14:52:54,153 - INFO - Processing direct count segment. Count: 4
2025-04-23 14:52:54,153 - INFO - Direct count segment processed with sum: 28
2025-04-23 14:52:54,153 - INFO - Processing direct count segment. Count: 1
2025-04-23 14:52:54,153 - INFO - Direct count segment processed with sum: 53
2025-04-23 14:52:54,153 - INFO - Processing direct count segment. Count: 1
2025-04-23 14:52:54,153 - INFO - Direct count segment processed with sum: 1
2025-04-23 14:52:54,153 - INFO - Conversion result: [28, 53, 1]
2025-04-23 14:52:54,163 - INFO - Sequence and processed result saved to SQLite history.
2025-04-23 14:52:54,164 - INFO - Sequence processed and secure history updated.
2025-04-23 14:54:16,132 - INFO - Processing input: dz_a_aazzaaa
2025-04-23 14:54:16,133 - INFO - Creating sequence from input: dz_a_aazzaaa
2025-04-23 14:54:16,133 - INFO - Processing sequence: dz_a_aazzaaa
2025-04-23 14:54:16,133 - INFO - Starting conversion for input string: dz_a_aazzaaa
2025-04-23 14:54:16,133 - INFO - Processing direct count segment. Count: 4
2025-04-23 14:54:16,133 - INFO - Direct count segment processed with sum: 28
2025-04-23 14:54:16,133 - INFO - Processing direct count segment. Count: 1
2025-04-23 14:54:16,133 - INFO - Direct count segment processed with sum: 53
2025-04-23 14:54:16,133 - INFO - Processing direct count segment. Count: 1
2025-04-23 14:54:16,133 - INFO - Direct count segment processed with sum: 1
2025-04-23 14:54:16,133 - INFO - Conversion result: [28, 53, 1]
2025-04-23 14:54:16,144 - INFO - Sequence and processed result saved to SQLite history.
2025-04-23 14:54:16,144 - INFO - Sequence processed and secure history updated.
2025-04-23 14:56:26,031 - INFO - Secure history saved to file.
2025-04-23 14:58:23,590 - INFO - Logger initialized: Logging to console and app.log
2025-04-23 14:58:23,592 - INFO - SQLite history table ensured in history.db
2025-04-23 14:58:23,592 - INFO - SequenceService initialized.
2025-04-23 14:58:23,592 - INFO - SequenceController initialized.
2025-04-23 14:58:23,593 - INFO - RSA key pair for secure history already exists.
2025-04-23 14:58:23,639 - INFO - Secure history loaded from file.
2025-04-23 14:58:23,639 - INFO - Starting FastAPI server on port 8080
2025-04-23 14:58:35,927 - INFO - Processing input: aa
2025-04-23 14:58:35,927 - INFO - Creating sequence from input: aa
2025-04-23 14:58:35,927 - INFO - Processing sequence: aa
2025-04-23 14:58:35,927 - INFO - Starting conversion for input string: aa
2025-04-23 14:58:35,927 - INFO - Processing direct count segment. Count: 1
2025-04-23 14:58:35,927 - INFO - Direct count segment processed with sum: 1
2025-04-23 14:58:35,927 - INFO - Conversion result: [1]
2025-04-23 14:58:35,938 - INFO - Sequence and processed result saved to SQLite history.
2025-04-23 14:58:35,938 - INFO - Sequence processed and secure history updated.
2025-04-23 15:01:06,937 - INFO - Secure history saved to file.
2025-04-23 15:01:10,102 - INFO - Logger initialized: Logging to console and app.log
2025-04-23 15:01:10,152 - INFO - Secure history saved to file.
2025-04-23 15:04:05,600 - INFO - Logger initialized: Logging to console and app.log
2025-04-23 15:04:05,651 - INFO - Secure history saved to file.
2025-04-23 15:04:46,974 - INFO - Logger initialized: Logging to console and app.log
2025-04-23 15:04:46,975 - INFO - SQLite history table ensured in history.db
2025-04-23 15:04:46,975 - INFO - SequenceService initialized.
2025-04-23 15:04:46,975 - INFO - SequenceController initialized.
2025-04-23 15:04:46,976 - INFO - RSA key pair for secure history already exists.
2025-04-23 15:04:47,019 - INFO - Secure history loaded from file.
2025-04-23 15:04:47,019 - INFO - Starting FastAPI server on port 8080
2025-04-23 15:04:52,315 - INFO - Processing input: za_a_a_a_a_a_a_a_a_a_a_a_a_azaaa
2025-04-23 15:04:52,316 - INFO - Creating sequence from input: za_a_a_a_a_a_a_a_a_a_a_a_a_azaaa
2025-04-23 15:04:52,316 - INFO - Processing sequence: za_a_a_a_a_a_a_a_a_a_a_a_a_azaaa
2025-04-23 15:04:52,316 - INFO - Starting conversion for input string: za_a_a_a_a_a_a_a_a_a_a_a_a_azaaa
2025-04-23 15:04:52,316 - INFO - Chain segment processed. Derived count: 27
2025-04-23 15:04:52,316 - INFO - Count-based segment processed with sum: 40
2025-04-23 15:04:52,316 - INFO - Processing direct count segment. Count: 1
2025-04-23 15:04:52,316 - INFO - Direct count segment processed with sum: 1
2025-04-23 15:04:52,316 - INFO - Conversion result: [40, 1]
2025-04-23 15:04:52,327 - INFO - Sequence and processed result saved to SQLite history.
2025-04-23 15:04:52,327 - INFO - Sequence processed and secure history updated.
2025-04-23 15:05:05,838 - INFO - Processing input: za_a_a_a_a_a_a_a_a_a_a_a_a_azaaa
2025-04-23 15:05:05,839 - INFO - Creating sequence from input: za_a_a_a_a_a_a_a_a_a_a_a_a_azaaa
2025-04-23 15:05:05,839 - INFO - Processing sequence: za_a_a_a_a_a_a_a_a_a_a_a_a_azaaa
2025-04-23 15:05:05,839 - INFO - Starting conversion for input string: za_a_a_a_a_a_a_a_a_a_a_a_a_azaaa
2025-04-23 15:05:05,840 - INFO - Chain segment processed. Derived count: 27
2025-04-23 15:05:05,840 - INFO - Count-based segment processed with sum: 40
2025-04-23 15:05:05,840 - INFO - Processing direct count segment. Count: 1
2025-04-23 15:05:05,840 - INFO - Direct count segment processed with sum: 1
2025-04-23 15:05:05,840 - INFO - Conversion result: [40, 1]
2025-04-23 15:05:05,857 - INFO - Sequence and processed result saved to SQLite history.
2025-04-23 15:05:05,857 - INFO - Sequence processed and secure history updated.
2025-04-23 15:06:36,410 - INFO - Secure history saved to file.
2025-04-23 15:09:20,094 - INFO - Logger initialized: Logging to console and app.log
2025-04-23 15:09:20,096 - INFO - SQLite history table ensured in history.db
2025-04-23 15:09:20,096 - INFO - SequenceService initialized.
2025-04-23 15:09:20,096 - INFO - SequenceController initialized.
2025-04-23 15:09:20,097 - INFO - RSA key pair for secure history already exists.
2025-04-23 15:09:20,141 - INFO - Secure history loaded from file.
2025-04-23 15:09:20,141 - INFO - Starting FastAPI server on port 8080
2025-04-23 15:09:25,373 - INFO - Processing input: za_a_a_a_a_a_a_a_a_a_a_a_a_azaaa
2025-04-23 15:09:25,373 - INFO - Creating sequence from input: za_a_a_a_a_a_a_a_a_a_a_a_a_azaaa
2025-04-23 15:09:25,373 - INFO - Processing sequence: za_a_a_a_a_a_a_a_a_a_a_a_a_azaaa
2025-04-23 15:09:25,373 - INFO - Starting conversion for input string: za_a_a_a_a_a_a_a_a_a_a_a_a_azaaa
2025-04-23 15:09:25,373 - INFO - Chain segment processed. Derived count: 27
2025-04-23 15:09:25,373 - INFO - Count-based segment processed with sum: 40
2025-04-23 15:09:25,373 - INFO - Processing direct count segment. Count: 1
2025-04-23 15:09:25,374 - INFO - Direct count segment processed with sum: 1
2025-04-23 15:09:25,374 - INFO - Conversion result: [40, 1]
2025-04-23 15:09:25,386 - INFO - Sequence and processed result saved to SQLite history.
2025-04-23 15:09:25,386 - INFO - Sequence processed and secure history updated.
2025-04-23 15:10:08,402 - INFO - Processing input: za_a_a_a_a_a_a_a_a_a_a_a_a_azaaa
2025-04-23 15:10:08,402 - INFO - Creating sequence from input: za_a_a_a_a_a_a_a_a_a_a_a_a_azaaa
2025-04-23 15:10:08,402 - INFO - Processing sequence: za_a_a_a_a_a_a_a_a_a_a_a_a_azaaa
2025-04-23 15:10:08,403 - INFO - Starting conversion for input string: za_a_a_a_a_a_a_a_a_a_a_a_a_azaaa
2025-04-23 15:10:08,403 - INFO - Chain segment processed. Derived count: 27
2025-04-23 15:10:08,403 - INFO - Count-based segment processed with sum: 40
2025-04-23 15:10:08,403 - INFO - Processing direct count segment. Count: 1
2025-04-23 15:10:08,403 - INFO - Direct count segment processed with sum: 1
2025-04-23 15:10:08,404 - INFO - Conversion result: [40, 1]
2025-04-23 15:10:08,416 - INFO - Sequence and processed result saved to SQLite history.
2025-04-23 15:10:08,416 - INFO - Sequence processed and secure history updated.
2025-04-23 15:17:16,267 - INFO - Logger initialized: Logging to console and app.log
2025-04-23 15:17:16,269 - INFO - SQLite history table ensured in history.db
2025-04-23 15:17:16,269 - INFO - SequenceService initialized.
2025-04-23 15:17:16,269 - INFO - SequenceController initialized.
2025-04-23 15:17:16,271 - INFO - RSA key pair for secure history already exists.
2025-04-23 15:17:16,316 - INFO - Secure history loaded from file.
2025-04-23 15:17:16,316 - INFO - Starting FastAPI server on port 8080
2025-04-23 15:17:21,884 - INFO - Processing input: za_a_a_a_a_a_a_a_a_a_a_a_a_azaaa
2025-04-23 15:17:21,884 - INFO - Creating sequence from input: za_a_a_a_a_a_a_a_a_a_a_a_a_azaaa
2025-04-23 15:17:21,884 - INFO - Processing sequence: za_a_a_a_a_a_a_a_a_a_a_a_a_azaaa
2025-04-23 15:17:21,885 - INFO - Starting conversion for input string: za_a_a_a_a_a_a_a_a_a_a_a_a_azaaa
2025-04-23 15:17:21,885 - INFO - Chain segment processed. Derived count: 27
2025-04-23 15:17:21,885 - INFO - Count-based segment processed with sum: 40
2025-04-23 15:17:21,885 - INFO - Processing direct count segment. Count: 1
2025-04-23 15:17:21,885 - INFO - Direct count segment processed with sum: 1
2025-04-23 15:17:21,885 - INFO - Conversion result: [40, 1]
2025-04-23 15:17:21,897 - INFO - Sequence and processed result saved to SQLite history.
2025-04-23 15:17:21,898 - INFO - Sequence processed and secure history updated.
2025-04-23 15:22:55,187 - INFO - Processing input: zza_a_a_a_a_a_a_a_a_a_a_a_a_a_a_a_a_a_a_a_a_a_a_a_a_a_a_a_
2025-04-23 15:22:55,188 - INFO - Creating sequence from input: zza_a_a_a_a_a_a_a_a_a_a_a_a_a_a_a_a_a_a_a_a_a_a_a_a_a_a_a_
2025-04-23 15:22:55,188 - INFO - Processing sequence: zza_a_a_a_a_a_a_a_a_a_a_a_a_a_a_a_a_a_a_a_a_a_a_a_a_a_a_a_
2025-04-23 15:22:55,188 - INFO - Starting conversion for input string: zza_a_a_a_a_a_a_a_a_a_a_a_a_a_a_a_a_a_a_a_a_a_a_a_a_a_a_a_
2025-04-23 15:22:55,188 - INFO - Chain segment processed. Derived count: 53
2025-04-23 15:22:55,188 - INFO - Count-based segment processed with sum: 26
2025-04-23 15:22:55,189 - INFO - Processing direct count segment. Count: 1
2025-04-23 15:22:55,189 - INFO - Direct count segment processed with sum: 0
2025-04-23 15:22:55,189 - INFO - Conversion result: [26, 0]
2025-04-23 15:22:55,209 - INFO - Sequence and processed result saved to SQLite history.
2025-04-23 15:22:55,209 - INFO - Sequence processed and secure history updated.
2025-04-23 15:23:02,631 - INFO - Processing input: zza_a_a_a_a_a_a_a_a_a_a_a_a_a_a_a_a_a_a_a_a_a_a_a_a_a_a_
2025-04-23 15:23:02,631 - INFO - Creating sequence from input: zza_a_a_a_a_a_a_a_a_a_a_a_a_a_a_a_a_a_a_a_a_a_a_a_a_a_a_
2025-04-23 15:23:02,631 - INFO - Processing sequence: zza_a_a_a_a_a_a_a_a_a_a_a_a_a_a_a_a_a_a_a_a_a_a_a_a_a_a_
2025-04-23 15:23:02,631 - INFO - Starting conversion for input string: zza_a_a_a_a_a_a_a_a_a_a_a_a_a_a_a_a_a_a_a_a_a_a_a_a_a_a_
2025-04-23 15:23:02,631 - INFO - Chain segment processed. Derived count: 53
2025-04-23 15:23:02,632 - INFO - Count-based segment processed with sum: 26
2025-04-23 15:23:02,632 - INFO - Conversion result: [26]
2025-04-23 15:23:02,641 - INFO - Sequence and processed result saved to SQLite history.
2025-04-23 15:23:02,641 - INFO - Sequence processed and secure history updated.
2025-04-23 15:25:02,701 - INFO - Processing input: abcdabcdab_
2025-04-23 15:25:02,701 - INFO - Creating sequence from input: abcdabcdab_
2025-04-23 15:25:02,701 - INFO - Processing sequence: abcdabcdab_
2025-04-23 15:25:02,701 - INFO - Starting conversion for input string: abcdabcdab_
2025-04-23 15:25:02,701 - INFO - Processing direct count segment. Count: 1
2025-04-23 15:25:02,701 - INFO - Direct count segment processed with sum: 2
2025-04-23 15:25:02,701 - INFO - Processing direct count segment. Count: 3
2025-04-23 15:25:02,702 - INFO - Direct count segment processed with sum: 7
2025-04-23 15:25:02,702 - INFO - Processing direct count segment. Count: 3
2025-04-23 15:25:02,702 - INFO - Direct count segment processed with sum: 7
2025-04-23 15:25:02,702 - INFO - Processing direct count segment. Count: 0
2025-04-23 15:25:02,702 - INFO - Direct count segment processed with sum: 0
2025-04-23 15:25:02,702 - INFO - Conversion result: [2, 7, 7, 0]
2025-04-23 15:25:02,713 - INFO - Sequence and processed result saved to SQLite history.
2025-04-23 15:25:02,713 - INFO - Sequence processed and secure history updated.
2025-04-23 15:47:29,007 - INFO - Secure history saved to file.
2025-04-23 15:47:31,524 - INFO - Logger initialized: Logging to console and app.log
2025-04-23 15:47:31,525 - INFO - SQLite history table ensured in history.db
2025-04-23 15:47:31,525 - INFO - SequenceService initialized.
2025-04-23 15:47:31,525 - INFO - SequenceController initialized.
2025-04-23 15:47:31,526 - INFO - RSA key pair for secure history already exists.
2025-04-23 15:47:31,571 - INFO - Secure history loaded from file.
2025-04-23 15:47:31,571 - INFO - Starting FastAPI server on port 8080
2025-04-23 15:48:00,385 - INFO - Processing input: zdaaaaaaaabaaaaaaaabaaaaaaaabbaa
2025-04-23 15:48:00,385 - INFO - Creating sequence from input: zdaaaaaaaabaaaaaaaabaaaaaaaabbaa
2025-04-23 15:48:00,385 - INFO - Processing sequence: zdaaaaaaaabaaaaaaaabaaaaaaaabbaa
2025-04-23 15:48:00,385 - INFO - Starting conversion for input string: zdaaaaaaaabaaaaaaaabaaaaaaaabbaa
2025-04-23 15:48:00,385 - INFO - Chain segment processed. Derived count: 30
2025-04-23 15:48:00,385 - INFO - Count-based segment processed with sum: 34
2025-04-23 15:48:00,385 - INFO - Conversion result: [34]
2025-04-23 15:48:00,397 - INFO - Sequence and processed result saved to SQLite history.
2025-04-23 15:48:00,397 - INFO - Sequence processed and secure history updated.
2025-04-23 15:51:20,490 - INFO - Processing input: za_a_a_a_a_a_a_a_a_a_a_a_a_azaaa
2025-04-23 15:51:20,491 - INFO - Creating sequence from input: za_a_a_a_a_a_a_a_a_a_a_a_a_azaaa
2025-04-23 15:51:20,491 - INFO - Processing sequence: za_a_a_a_a_a_a_a_a_a_a_a_a_azaaa
2025-04-23 15:51:20,491 - INFO - Starting conversion for input string: za_a_a_a_a_a_a_a_a_a_a_a_a_azaaa
2025-04-23 15:51:20,491 - INFO - Chain segment processed. Derived count: 27
2025-04-23 15:51:20,491 - INFO - Count-based segment processed with sum: 40
2025-04-23 15:51:20,492 - INFO - Processing direct count segment. Count: 1
2025-04-23 15:51:20,492 - INFO - Direct count segment processed with sum: 1
2025-04-23 15:51:20,492 - INFO - Conversion result: [40, 1]
2025-04-23 15:51:20,507 - INFO - Sequence and processed result saved to SQLite history.
2025-04-23 15:51:20,508 - INFO - Sequence processed and secure history updated.
2025-04-23 15:51:37,571 - INFO - Processing input: za_a_a_a_a_a_a_a_a_a_a_a_a_azaaa
2025-04-23 15:51:37,571 - INFO - Creating sequence from input: za_a_a_a_a_a_a_a_a_a_a_a_a_azaaa
2025-04-23 15:51:37,571 - INFO - Processing sequence: za_a_a_a_a_a_a_a_a_a_a_a_a_azaaa
2025-04-23 15:51:37,571 - INFO - Starting conversion for input string: za_a_a_a_a_a_a_a_a_a_a_a_a_azaaa
2025-04-23 15:51:37,571 - INFO - Chain segment processed. Derived count: 27
2025-04-23 15:51:37,571 - INFO - Count-based segment processed with sum: 40
2025-04-23 15:51:37,571 - INFO - Processing direct count segment. Count: 1
2025-04-23 15:51:37,572 - INFO - Direct count segment processed with sum: 1
2025-04-23 15:51:37,572 - INFO - Conversion result: [40, 1]
2025-04-23 15:51:37,580 - INFO - Sequence and processed result saved to SQLite history.
2025-04-23 15:51:37,580 - INFO - Sequence processed and secure history updated.
2025-04-23 15:52:29,800 - INFO - Processing input: ab
2025-04-23 15:52:29,800 - INFO - Creating sequence from input: ab
2025-04-23 15:52:29,801 - INFO - Processing sequence: ab
2025-04-23 15:52:29,801 - INFO - Starting conversion for input string: ab
2025-04-23 15:52:29,801 - INFO - Processing direct count segment. Count: 1
2025-04-23 15:52:29,801 - INFO - Direct count segment processed with sum: 2
2025-04-23 15:52:29,801 - INFO - Conversion result: [2]
2025-04-23 15:52:29,817 - INFO - Sequence and processed result saved to SQLite history.
2025-04-23 15:52:29,817 - INFO - Sequence processed and secure history updated.
2025-04-23 15:53:39,087 - INFO - Secure history saved to file.
